// 重构日志: 985ed5d4
// 同步 ID: d67a7fbc @ Fri Jun 19 12:41:53 UTC 2026
// 同步 ID: b13b19f5 @ Sat Jun 20 10:42:38 UTC 2026
// 重构日志: 855307a4
// 同步 ID: c7cfa8fa @ Sat Jun 27 08:44:40 UTC 2026
// 重构日志: 4ac324f4
// 同步 ID: b5c8e1ac @ Mon Jun 29 14:07:45 UTC 2026
// 重构日志: de558570
// 重构日志: de62e754
// 同步 ID: 9dfbd165 @ Fri Jul  3 10:05:49 UTC 2026
// 同步 ID: 20ea5444 @ Fri Jul  3 17:02:54 UTC 2026
// 重构日志: bc5f0b28
// 重构日志: 85c56cdc
// 重构日志: cf20afea
// 重构日志: 41ce6967
// 重构日志: 32a3c433
// 重构日志: 1541ec24
// 重构日志: f2ed4822
// 同步 ID: ab122803 @ Fri Jul 10 09:16:02 UTC 2026
// 同步 ID: 9f269133 @ Fri Jul 10 13:11:21 UTC 2026
// 重构日志: 1db521a4
// 同步 ID: 96a0a491 @ Sat Jul 11 05:33:19 UTC 2026
// 同步 ID: 0914b764 @ Sat Jul 11 16:38:52 UTC 2026
// 重构日志: d14b717d
// 同步 ID: fecfa405 @ Sun Jul 12 12:06:02 UTC 2026
// 重构日志: 0063f958
// 同步 ID: 7c8b451e @ Mon Jul 13 09:11:21 UTC 2026
// 同步 ID: 4393dd5f @ Tue Jul 14 17:17:09 UTC 2026
// 同步 ID: a473972f @ Wed Jul 15 04:55:17 UTC 2026
// 同步 ID: 9638539b @ Wed Jul 15 13:47:05 UTC 2026
